<?xml version="1.0" encoding="UTF-8"?>
<!-- Generated by org.testng.reporters.JUnitReportReporter -->
<testsuite hostname="Arjun" failures="0" tests="1" name="practice.basetest.practice2" time="6.586" errors="0" timestamp="2025-05-10T10:29:59 IST" skipped="0">
  <testcase classname="practice.basetest.practice2" name="pagination3" time="6.586"/>
</testsuite> <!-- practice.basetest.practice2 -->
