<?xml version="1.0" encoding="UTF-8"?>
<!-- Generated by org.testng.reporters.JUnitReportReporter -->
<testsuite hostname="Arjun" failures="0" tests="1" name="rsPractice.testCases.mainTestCase" time="15.988" errors="0" timestamp="2025-05-08T23:31:03 IST" skipped="0">
  <testcase classname="rsPractice.testCases.mainTestCase" name="testcase" time="15.988"/>
</testsuite> <!-- rsPractice.testCases.mainTestCase -->
