<?xml version="1.0" encoding="UTF-8"?>
<!-- Generated by org.testng.reporters.JUnitReportReporter -->
<testsuite hostname="Arjun" failures="0" tests="2" name="rsPractice.testCases.TestCase1" time="21.832" errors="0" timestamp="2025-05-10T00:31:27 IST" skipped="0">
  <testcase classname="rsPractice.testCases.TestCase1" name="place_Order" time="11.501"/>
  <testcase classname="rsPractice.testCases.TestCase1" name="place_Order" time="10.331"/>
</testsuite> <!-- rsPractice.testCases.TestCase1 -->
